<?xml version="1.0" encoding="UTF-8"?>
<testng-results skipped="0" failed="0" total="1" passed="1">
  <reporter-output>
  </reporter-output>
  <suite name="Surefire suite" duration-ms="72" started-at="2020-01-07T06:30:53Z" finished-at="2020-01-07T06:30:53Z">
    <groups>
    </groups>
    <test name="Surefire test" duration-ms="72" started-at="2020-01-07T06:30:53Z" finished-at="2020-01-07T06:30:53Z">
      <class name="com.mycompany.app.AppTest">
        <test-method status="PASS" signature="shouldAnswerWithTrue()[pri:0, instance:shouldAnswerWithTrue(com.mycompany.app.AppTest)]" name="shouldAnswerWithTrue" duration-ms="2" started-at="2020-01-07T12:00:53Z" finished-at="2020-01-07T12:00:53Z">
          <reporter-output>
          </reporter-output>
        </test-method> <!-- shouldAnswerWithTrue -->
      </class> <!-- com.mycompany.app.AppTest -->
    </test> <!-- Surefire test -->
  </suite> <!-- Surefire suite -->
</testng-results>
