<?xml version="1.0" encoding="UTF-8"?>
<testng-results skipped="0" failed="0" total="2" passed="2">
  <reporter-output>
  </reporter-output>
  <suite name="Surefire suite" duration-ms="20" started-at="2020-01-07T06:30:53Z" finished-at="2020-01-07T06:30:53Z">
    <groups>
    </groups>
    <test name="Surefire test" duration-ms="20" started-at="2020-01-07T06:30:53Z" finished-at="2020-01-07T06:30:53Z">
      <class name="com.mycompany.app.EasyBuyTest">
        <test-method status="PASS" signature="first()[pri:0, instance:com.mycompany.app.EasyBuyTest@b684286]" name="first" duration-ms="8" started-at="2020-01-07T12:00:53Z" finished-at="2020-01-07T12:00:53Z">
          <reporter-output>
          </reporter-output>
        </test-method> <!-- first -->
        <test-method status="PASS" signature="second()[pri:0, instance:com.mycompany.app.EasyBuyTest@b684286]" name="second" duration-ms="0" started-at="2020-01-07T12:00:53Z" finished-at="2020-01-07T12:00:53Z">
          <reporter-output>
          </reporter-output>
        </test-method> <!-- second -->
      </class> <!-- com.mycompany.app.EasyBuyTest -->
    </test> <!-- Surefire test -->
  </suite> <!-- Surefire suite -->
</testng-results>
