<?xml version="1.0" encoding="UTF-8"?>
<testng-results skipped="0" failed="0" total="2" passed="2">
  <reporter-output>
  </reporter-output>
  <suite name="Suite" duration-ms="33" started-at="2020-01-07T06:52:24Z" finished-at="2020-01-07T06:52:24Z">
    <groups>
    </groups>
    <test name="Test" duration-ms="33" started-at="2020-01-07T06:52:24Z" finished-at="2020-01-07T06:52:24Z">
      <class name="com.mycompany.app.SmokeTest">
        <test-method status="PASS" signature="smoke1()[pri:0, instance:com.mycompany.app.SmokeTest@5b464ce8]" name="smoke1" duration-ms="13" started-at="2020-01-07T12:22:24Z" finished-at="2020-01-07T12:22:24Z">
          <reporter-output>
          </reporter-output>
        </test-method> <!-- smoke1 -->
        <test-method status="PASS" signature="smoke2()[pri:0, instance:com.mycompany.app.SmokeTest@5b464ce8]" name="smoke2" duration-ms="1" started-at="2020-01-07T12:22:24Z" finished-at="2020-01-07T12:22:24Z">
          <reporter-output>
          </reporter-output>
        </test-method> <!-- smoke2 -->
      </class> <!-- com.mycompany.app.SmokeTest -->
    </test> <!-- Test -->
  </suite> <!-- Suite -->
</testng-results>
