<?xml version="1.0" encoding="UTF-8"?>
<testng-results skipped="0" failed="0" ignored="0" total="2" passed="2">
  <reporter-output>
  </reporter-output>
  <suite name="Default suite" duration-ms="38" started-at="2020-01-07T06:15:45Z" finished-at="2020-01-07T06:15:45Z">
    <groups>
    </groups>
    <test name="Default test" duration-ms="38" started-at="2020-01-07T06:15:45Z" finished-at="2020-01-07T06:15:45Z">
      <class name="com.mycompany.app.EasyBuy">
        <test-method status="PASS" signature="first()[pri:0, instance:com.mycompany.app.EasyBuy@9629756]" name="first" duration-ms="10" started-at="2020-01-07T06:15:45Z" finished-at="2020-01-07T06:15:45Z">
          <reporter-output>
          </reporter-output>
        </test-method> <!-- first -->
        <test-method status="PASS" signature="second()[pri:0, instance:com.mycompany.app.EasyBuy@9629756]" name="second" duration-ms="1" started-at="2020-01-07T06:15:45Z" finished-at="2020-01-07T06:15:45Z">
          <reporter-output>
          </reporter-output>
        </test-method> <!-- second -->
      </class> <!-- com.mycompany.app.EasyBuy -->
    </test> <!-- Default test -->
  </suite> <!-- Default suite -->
</testng-results>
